<?xml version="1.0" encoding="UTF-8"?>
<testng-results skipped="0" failed="0" ignored="0" total="1" passed="1">
  <reporter-output>
  </reporter-output>
  <suite name="Default suite" duration-ms="16411" started-at="2020-02-08T09:44:42Z" finished-at="2020-02-08T09:44:59Z">
    <groups>
      <group name="cucumber">
        <method signature="AbstractTestNGCucumberTests.runScenario(cucumber.api.testng.PickleEventWrapper, cucumber.api.testng.CucumberFeatureWrapper)[pri:0, instance:com.leafBot.testcases.TC008_LoginLogOutPractice@5a8e6209]" name="runScenario" class="cucumber.api.testng.AbstractTestNGCucumberTests"/>
      </group> <!-- cucumber -->
    </groups>
    <test name="Default test" duration-ms="16411" started-at="2020-02-08T09:44:42Z" finished-at="2020-02-08T09:44:59Z">
      <class name="com.leafBot.testcases.TC008_LoginLogOutPractice">
        <test-method status="PASS" signature="startReport()[pri:0, instance:com.leafBot.testcases.TC008_LoginLogOutPractice@5a8e6209]" name="startReport" is-config="true" duration-ms="625" started-at="2020-02-08T09:44:42Z" finished-at="2020-02-08T09:44:42Z">
          <reporter-output>
          </reporter-output>
        </test-method> <!-- startReport -->
        <test-method status="PASS" signature="setUpClass()[pri:0, instance:com.leafBot.testcases.TC008_LoginLogOutPractice@5a8e6209]" name="setUpClass" is-config="true" duration-ms="172" started-at="2020-02-08T09:44:42Z" finished-at="2020-02-08T09:44:43Z">
          <reporter-output>
          </reporter-output>
        </test-method> <!-- setUpClass -->
        <test-method status="PASS" signature="setValues()[pri:0, instance:com.leafBot.testcases.TC008_LoginLogOutPractice@5a8e6209]" name="setValues" is-config="true" duration-ms="0" started-at="2020-02-08T09:44:42Z" finished-at="2020-02-08T09:44:42Z">
          <reporter-output>
          </reporter-output>
        </test-method> <!-- setValues -->
        <test-method status="PASS" signature="report()[pri:0, instance:com.leafBot.testcases.TC008_LoginLogOutPractice@5a8e6209]" name="report" is-config="true" duration-ms="0" started-at="2020-02-08T09:44:43Z" finished-at="2020-02-08T09:44:43Z">
          <reporter-output>
          </reporter-output>
        </test-method> <!-- report -->
        <test-method status="PASS" signature="beforeMethod()[pri:0, instance:com.leafBot.testcases.TC008_LoginLogOutPractice@5a8e6209]" name="beforeMethod" is-config="true" duration-ms="11609" started-at="2020-02-08T09:44:43Z" finished-at="2020-02-08T09:44:54Z">
          <reporter-output>
          </reporter-output>
        </test-method> <!-- beforeMethod -->
        <test-method status="PASS" signature="createLeaf(java.lang.String, java.lang.String)[pri:0, instance:com.leafBot.testcases.TC008_LoginLogOutPractice@5a8e6209]" name="createLeaf" duration-ms="4252" started-at="2020-02-08T09:44:54Z" data-provider="fetchData" finished-at="2020-02-08T09:44:59Z">
          <params>
            <param index="0">
              <value>
                <![CDATA[kumar.testleaf@gmail.com]]>
              </value>
            </param>
            <param index="1">
              <value>
                <![CDATA[leaf@12]]>
              </value>
            </param>
          </params>
          <reporter-output>
          </reporter-output>
        </test-method> <!-- createLeaf -->
        <test-method status="PASS" signature="afterMethod()[pri:0, instance:com.leafBot.testcases.TC008_LoginLogOutPractice@5a8e6209]" name="afterMethod" is-config="true" duration-ms="332" started-at="2020-02-08T09:44:59Z" finished-at="2020-02-08T09:44:59Z">
          <reporter-output>
          </reporter-output>
        </test-method> <!-- afterMethod -->
        <test-method status="PASS" signature="tearDownClass()[pri:0, instance:com.leafBot.testcases.TC008_LoginLogOutPractice@5a8e6209]" name="tearDownClass" is-config="true" duration-ms="0" started-at="2020-02-08T09:44:59Z" finished-at="2020-02-08T09:44:59Z">
          <reporter-output>
          </reporter-output>
        </test-method> <!-- tearDownClass -->
        <test-method status="PASS" signature="stopReport()[pri:0, instance:com.leafBot.testcases.TC008_LoginLogOutPractice@5a8e6209]" name="stopReport" is-config="true" duration-ms="484" started-at="2020-02-08T09:44:59Z" finished-at="2020-02-08T09:45:00Z">
          <reporter-output>
          </reporter-output>
        </test-method> <!-- stopReport -->
      </class> <!-- com.leafBot.testcases.TC008_LoginLogOutPractice -->
    </test> <!-- Default test -->
  </suite> <!-- Default suite -->
</testng-results>
